This is pdfTeX, Version 3.14159265-2.6-1.40.20 (TeX Live 2019/Debian) (preloaded format=pdflatex 2022.7.10)  19 OCT 2022 21:38
entering extended mode
 restricted \write18 enabled.
 %&-line parsing enabled.
**report.tex
(./report.tex
LaTeX2e <2020-02-02> patch level 2
L3 programming layer <2020-02-14>
(/usr/share/texlive/texmf-dist/tex/latex/base/article.cls
Document Class: article 2019/12/20 v1.4l Standard LaTeX document class
(/usr/share/texlive/texmf-dist/tex/latex/base/size10.clo
File: size10.clo 2019/12/20 v1.4l Standard LaTeX file (size option)
)
\c@part=\count167
\c@section=\count168
\c@subsection=\count169
\c@subsubsection=\count170
\c@paragraph=\count171
\c@subparagraph=\count172
\c@figure=\count173
\c@table=\count174
\abovecaptionskip=\skip47
\belowcaptionskip=\skip48
\bibindent=\dimen134
)
(/usr/share/texlive/texmf-dist/tex/latex/graphics/graphicx.sty
Package: graphicx 2019/11/30 v1.2a Enhanced LaTeX Graphics (DPC,SPQR)

(/usr/share/texlive/texmf-dist/tex/latex/graphics/keyval.sty
Package: keyval 2014/10/28 v1.15 key=value parser (DPC)
\KV@toks@=\toks14
)
(/usr/share/texlive/texmf-dist/tex/latex/graphics/graphics.sty
Package: graphics 2019/11/30 v1.4a Standard LaTeX Graphics (DPC,SPQR)

(/usr/share/texlive/texmf-dist/tex/latex/graphics/trig.sty
Package: trig 2016/01/03 v1.10 sin cos tan (DPC)
)
(/usr/share/texlive/texmf-dist/tex/latex/graphics-cfg/graphics.cfg
File: graphics.cfg 2016/06/04 v1.11 sample graphics configuration
)
Package graphics Info: Driver file: pdftex.def on input line 105.

(/usr/share/texlive/texmf-dist/tex/latex/graphics-def/pdftex.def
File: pdftex.def 2018/01/08 v1.0l Graphics/color driver for pdftex
))
\Gin@req@height=\dimen135
\Gin@req@width=\dimen136
)
(/usr/share/texlive/texmf-dist/tex/latex/caption/subcaption.sty
Package: subcaption 2020/01/22 v1.3d Sub-captions (AR)

(/usr/share/texlive/texmf-dist/tex/latex/caption/caption.sty
Package: caption 2020/01/03 v3.4h Customizing captions (AR)

(/usr/share/texlive/texmf-dist/tex/latex/caption/caption3.sty
Package: caption3 2020/01/03 v1.8h caption3 kernel (AR)
Package caption3 Info: TeX engine: e-TeX on input line 61.
\captionmargin=\dimen137
\captionmargin@=\dimen138
\captionwidth=\dimen139
\caption@tempdima=\dimen140
\caption@indent=\dimen141
\caption@parindent=\dimen142
\caption@hangindent=\dimen143
Package caption Info: Standard document class detected.
)
\c@caption@flags=\count175
\c@continuedfloat=\count176
)
\c@subfigure=\count177
\c@subtable=\count178
)
(/usr/share/texlive/texmf-dist/tex/latex/ragged2e/ragged2e.sty
Package: ragged2e 2019/07/28 v2.2 ragged2e Package (MS)

(/usr/share/texlive/texmf-dist/tex/latex/ms/everysel.sty
Package: everysel 2011/10/28 v1.2 EverySelectfont Package (MS)
)
\CenteringLeftskip=\skip49
\RaggedLeftLeftskip=\skip50
\RaggedRightLeftskip=\skip51
\CenteringRightskip=\skip52
\RaggedLeftRightskip=\skip53
\RaggedRightRightskip=\skip54
\CenteringParfillskip=\skip55
\RaggedLeftParfillskip=\skip56
\RaggedRightParfillskip=\skip57
\JustifyingParfillskip=\skip58
\CenteringParindent=\skip59
\RaggedLeftParindent=\skip60
\RaggedRightParindent=\skip61
\JustifyingParindent=\skip62
)
(/usr/share/texlive/texmf-dist/tex/latex/tools/array.sty
Package: array 2019/08/31 v2.4l Tabular extension package (FMi)
\col@sep=\dimen144
\ar@mcellbox=\box45
\extrarowheight=\dimen145
\NC@list=\toks15
\extratabsurround=\skip63
\backup@length=\skip64
\ar@cellbox=\box46
)
(/usr/share/texlive/texmf-dist/tex/latex/mdwtools/footnote.sty
Package: footnote 1997/01/28 1.13 Save footnotes around boxes
\fn@notes=\box47
\fn@width=\dimen146
)
(/usr/share/texlive/texmf-dist/tex/latex/titlesec/titlesec.sty
Package: titlesec 2019/10/16 v2.13 Sectioning titles
\ttl@box=\box48
\beforetitleunit=\skip65
\aftertitleunit=\skip66
\ttl@plus=\dimen147
\ttl@minus=\dimen148
\ttl@toksa=\toks16
\titlewidth=\dimen149
\titlewidthlast=\dimen150
\titlewidthfirst=\dimen151
)
(/usr/share/texlive/texmf-dist/tex/latex/amsmath/amsmath.sty
Package: amsmath 2020/01/20 v2.17e AMS math features
\@mathmargin=\skip67

For additional information on amsmath, use the `?' option.
(/usr/share/texlive/texmf-dist/tex/latex/amsmath/amstext.sty
Package: amstext 2000/06/29 v2.01 AMS text

(/usr/share/texlive/texmf-dist/tex/latex/amsmath/amsgen.sty
File: amsgen.sty 1999/11/30 v2.0 generic functions
\@emptytoks=\toks17
\ex@=\dimen152
))
(/usr/share/texlive/texmf-dist/tex/latex/amsmath/amsbsy.sty
Package: amsbsy 1999/11/29 v1.2d Bold Symbols
\pmbraise@=\dimen153
)
(/usr/share/texlive/texmf-dist/tex/latex/amsmath/amsopn.sty
Package: amsopn 2016/03/08 v2.02 operator names
)
\inf@bad=\count179
LaTeX Info: Redefining \frac on input line 227.
\uproot@=\count180
\leftroot@=\count181
LaTeX Info: Redefining \overline on input line 389.
\classnum@=\count182
\DOTSCASE@=\count183
LaTeX Info: Redefining \ldots on input line 486.
LaTeX Info: Redefining \dots on input line 489.
LaTeX Info: Redefining \cdots on input line 610.
\Mathstrutbox@=\box49
\strutbox@=\box50
\big@size=\dimen154
LaTeX Font Info:    Redeclaring font encoding OML on input line 733.
LaTeX Font Info:    Redeclaring font encoding OMS on input line 734.
\macc@depth=\count184
\c@MaxMatrixCols=\count185
\dotsspace@=\muskip16
\c@parentequation=\count186
\dspbrk@lvl=\count187
\tag@help=\toks18
\row@=\count188
\column@=\count189
\maxfields@=\count190
\andhelp@=\toks19
\eqnshift@=\dimen155
\alignsep@=\dimen156
\tagshift@=\dimen157
\tagwidth@=\dimen158
\totwidth@=\dimen159
\lineht@=\dimen160
\@envbody=\toks20
\multlinegap=\skip68
\multlinetaggap=\skip69
\mathdisplay@stack=\toks21
LaTeX Info: Redefining \[ on input line 2859.
LaTeX Info: Redefining \] on input line 2860.
)
(/usr/share/texlive/texmf-dist/tex/latex/amscls/amsthm.sty
Package: amsthm 2017/10/31 v2.20.4
\thm@style=\toks22
\thm@bodyfont=\toks23
\thm@headfont=\toks24
\thm@notefont=\toks25
\thm@headpunct=\toks26
\thm@preskip=\skip70
\thm@postskip=\skip71
\thm@headsep=\skip72
\dth@everypar=\toks27
)
(/usr/share/texlive/texmf-dist/tex/latex/amsfonts/amsfonts.sty
Package: amsfonts 2013/01/14 v3.01 Basic AMSFonts support
\symAMSa=\mathgroup4
\symAMSb=\mathgroup5
LaTeX Font Info:    Redeclaring math symbol \hbar on input line 98.
LaTeX Font Info:    Overwriting math alphabet `\mathfrak' in version `bold'
(Font)                  U/euf/m/n --> U/euf/b/n on input line 106.
)
(/usr/share/texlive/texmf-dist/tex/latex/l3backend/l3backend-pdfmode.def
File: l3backend-pdfmode.def 2020-02-03 L3 backend support: PDF mode
\l__kernel_color_stack_int=\count191
\l__pdf_internal_box=\box51
)
(./report.aux)
\openout1 = `report.aux'.

LaTeX Font Info:    Checking defaults for OML/cmm/m/it on input line 31.
LaTeX Font Info:    ... okay on input line 31.
LaTeX Font Info:    Checking defaults for OMS/cmsy/m/n on input line 31.
LaTeX Font Info:    ... okay on input line 31.
LaTeX Font Info:    Checking defaults for OT1/cmr/m/n on input line 31.
LaTeX Font Info:    ... okay on input line 31.
LaTeX Font Info:    Checking defaults for T1/cmr/m/n on input line 31.
LaTeX Font Info:    ... okay on input line 31.
LaTeX Font Info:    Checking defaults for TS1/cmr/m/n on input line 31.
LaTeX Font Info:    ... okay on input line 31.
LaTeX Font Info:    Checking defaults for OMX/cmex/m/n on input line 31.
LaTeX Font Info:    ... okay on input line 31.
LaTeX Font Info:    Checking defaults for U/cmr/m/n on input line 31.
LaTeX Font Info:    ... okay on input line 31.

(/usr/share/texlive/texmf-dist/tex/context/base/mkii/supp-pdf.mkii
[Loading MPS to PDF converter (version 2006.09.02).]
\scratchcounter=\count192
\scratchdimen=\dimen161
\scratchbox=\box52
\nofMPsegments=\count193
\nofMParguments=\count194
\everyMPshowfont=\toks28
\MPscratchCnt=\count195
\MPscratchDim=\dimen162
\MPnumerator=\count196
\makeMPintoPDFobject=\count197
\everyMPtoPDFconversion=\toks29
) (/usr/share/texlive/texmf-dist/tex/latex/epstopdf-pkg/epstopdf-base.sty
Package: epstopdf-base 2020-01-24 v2.11 Base part for package epstopdf
Package epstopdf-base Info: Redefining graphics rule for `.eps' on input line 4
85.

(/usr/share/texlive/texmf-dist/tex/latex/latexconfig/epstopdf-sys.cfg
File: epstopdf-sys.cfg 2010/07/13 v1.3 Configuration of (r)epstopdf for TeX Liv
e
))
Package caption Info: Begin \AtBeginDocument code.
Package caption Info: End \AtBeginDocument code.

ABD: EverySelectfont initializing macros
LaTeX Info: Redefining \selectfont on input line 31.
LaTeX Font Info:    Trying to load font information for U+msa on input line 32.


(/usr/share/texlive/texmf-dist/tex/latex/amsfonts/umsa.fd
File: umsa.fd 2013/01/14 v3.01 AMS symbols A
)
LaTeX Font Info:    Trying to load font information for U+msb on input line 32.


(/usr/share/texlive/texmf-dist/tex/latex/amsfonts/umsb.fd
File: umsb.fd 2013/01/14 v3.01 AMS symbols B
)
Underfull \hbox (badness 10000) in paragraph at lines 38--39

 []

[1

{/var/lib/texmf/fonts/map/pdftex/updmap/pdftex.map}]
Underfull \hbox (badness 10000) in paragraph at lines 40--41

 []


Underfull \hbox (badness 10000) in paragraph at lines 42--43

 []


Underfull \hbox (badness 10000) in paragraph at lines 44--45

 []


Underfull \hbox (badness 10000) in paragraph at lines 46--47

 []

[2]
Underfull \hbox (badness 10000) in paragraph at lines 48--49

 []


Underfull \hbox (badness 10000) in paragraph at lines 59--60

 []


Underfull \hbox (badness 10000) in paragraph at lines 61--62

 []

<./../plots/logp_distribution_Opera.png, id=18, 462.528pt x 346.896pt>
File: ./../plots/logp_distribution_Opera.png Graphic file (type png)
<use ./../plots/logp_distribution_Opera.png>
Package pdftex.def Info: ./../plots/logp_distribution_Opera.png  used on input 
line 67.
(pdftex.def)             Requested size: 155.24895pt x 116.43451pt.
<./../plots/molecular_mass_distribution_Opera.png, id=20, 462.528pt x 346.896pt
>
File: ./../plots/molecular_mass_distribution_Opera.png Graphic file (type png)
<use ./../plots/molecular_mass_distribution_Opera.png>
Package pdftex.def Info: ./../plots/molecular_mass_distribution_Opera.png  used
 on input line 70.
(pdftex.def)             Requested size: 155.24895pt x 116.43451pt.
<./../plots/logp_distribution_Martel.png, id=21, 462.528pt x 346.896pt>
File: ./../plots/logp_distribution_Martel.png Graphic file (type png)
<use ./../plots/logp_distribution_Martel.png>
Package pdftex.def Info: ./../plots/logp_distribution_Martel.png  used on input
 line 75.
(pdftex.def)             Requested size: 155.24895pt x 116.43451pt.
<./../plots/molecular_mass_distribution_Martel.png, id=22, 462.528pt x 346.896p
t>
File: ./../plots/molecular_mass_distribution_Martel.png Graphic file (type png)

<use ./../plots/molecular_mass_distribution_Martel.png>
Package pdftex.def Info: ./../plots/molecular_mass_distribution_Martel.png  use
d on input line 78.
(pdftex.def)             Requested size: 155.24895pt x 116.43451pt.
<./../plots/logp_distribution_SAMPL7.png, id=23, 462.528pt x 346.896pt>
File: ./../plots/logp_distribution_SAMPL7.png Graphic file (type png)
<use ./../plots/logp_distribution_SAMPL7.png>
Package pdftex.def Info: ./../plots/logp_distribution_SAMPL7.png  used on input
 line 83.
(pdftex.def)             Requested size: 155.24895pt x 116.43451pt.
<./../plots/molecular_mass_distribution_SAMPL7.png, id=24, 462.528pt x 346.896p
t>
File: ./../plots/molecular_mass_distribution_SAMPL7.png Graphic file (type png)

<use ./../plots/molecular_mass_distribution_SAMPL7.png>
Package pdftex.def Info: ./../plots/molecular_mass_distribution_SAMPL7.png  use
d on input line 86.
(pdftex.def)             Requested size: 155.24895pt x 116.43451pt.
[3] [4 <./../plots/logp_distribution_Opera.png> <./../plots/molecular_mass_dist
ribution_Opera.png> <./../plots/logp_distribution_Martel.png> <./../plots/molec
ular_mass_distribution_Martel.png> <./../plots/logp_distribution_SAMPL7.png> <.
/../plots/molecular_mass_distribution_SAMPL7.png>]
Underfull \hbox (badness 10000) in paragraph at lines 98--99

 []


Underfull \hbox (badness 10000) in paragraph at lines 104--105

 []


Underfull \hbox (badness 10000) in paragraph at lines 111--112

 []

[5]
Underfull \hbox (badness 10000) in paragraph at lines 121--122

 []


Underfull \hbox (badness 10000) in paragraph at lines 123--124

 []


Underfull \hbox (badness 10000) in paragraph at lines 127--128

 []


Underfull \hbox (badness 10000) in paragraph at lines 129--130

 []


Underfull \hbox (badness 10000) in paragraph at lines 131--132

 []

[6]
Underfull \hbox (badness 10000) in paragraph at lines 133--134

 []


Underfull \hbox (badness 10000) in paragraph at lines 137--138

 []

[7]
Underfull \hbox (badness 10000) in paragraph at lines 239--240

 []

[8]
Underfull \hbox (badness 10000) in paragraph at lines 269--270

 []

<./../plots/martel_errors_mlr.png, id=53, 462.528pt x 346.896pt>
File: ./../plots/martel_errors_mlr.png Graphic file (type png)
<use ./../plots/martel_errors_mlr.png>
Package pdftex.def Info: ./../plots/martel_errors_mlr.png  used on input line 2
75.
(pdftex.def)             Requested size: 155.24895pt x 116.43451pt.
<./../plots/martel_errors_rf.png, id=54, 462.528pt x 346.896pt>
File: ./../plots/martel_errors_rf.png Graphic file (type png)
<use ./../plots/martel_errors_rf.png>
Package pdftex.def Info: ./../plots/martel_errors_rf.png  used on input line 27
8.
(pdftex.def)             Requested size: 155.24895pt x 116.43451pt.
<./../plots/martel_errors_rnn.png, id=55, 462.528pt x 346.896pt>
File: ./../plots/martel_errors_rnn.png Graphic file (type png)
<use ./../plots/martel_errors_rnn.png>
Package pdftex.def Info: ./../plots/martel_errors_rnn.png  used on input line 2
83.
(pdftex.def)             Requested size: 155.24895pt x 116.43451pt.
<./../plots/martel_errors_gnn.png, id=56, 462.528pt x 346.896pt>
File: ./../plots/martel_errors_gnn.png Graphic file (type png)
<use ./../plots/martel_errors_gnn.png>
Package pdftex.def Info: ./../plots/martel_errors_gnn.png  used on input line 2
86.
(pdftex.def)             Requested size: 155.24895pt x 116.43451pt.
<./../plots/martel_errors_gnn_attention.png, id=57, 462.528pt x 346.896pt>
File: ./../plots/martel_errors_gnn_attention.png Graphic file (type png)
<use ./../plots/martel_errors_gnn_attention.png>
Package pdftex.def Info: ./../plots/martel_errors_gnn_attention.png  used on in
put line 291.
(pdftex.def)             Requested size: 155.24895pt x 116.43451pt.
<./../plots/martel_errors_gnn_multi.png, id=58, 462.528pt x 346.896pt>
File: ./../plots/martel_errors_gnn_multi.png Graphic file (type png)
<use ./../plots/martel_errors_gnn_multi.png>
Package pdftex.def Info: ./../plots/martel_errors_gnn_multi.png  used on input 
line 294.
(pdftex.def)             Requested size: 155.24895pt x 116.43451pt.

Underfull \hbox (badness 10000) in paragraph at lines 301--302

 []


Underfull \hbox (badness 10000) in paragraph at lines 306--306
[]|\OT1/cmr/m/n/9 GNN
 []


Underfull \hbox (badness 10000) in paragraph at lines 306--306
\OT1/cmr/m/n/9 +
 []


Underfull \hbox (badness 10000) in paragraph at lines 306--306
[]|\OT1/cmr/m/n/9 GNN
 []


Underfull \hbox (badness 10000) in paragraph at lines 306--307
[]|\OT1/cmr/m/n/9 GNN
 []


Underfull \hbox (badness 10000) in paragraph at lines 316--316
[]|\OT1/cmr/m/n/9 GNN
 []


Underfull \hbox (badness 10000) in paragraph at lines 316--316
\OT1/cmr/m/n/9 +
 []


Underfull \hbox (badness 10000) in paragraph at lines 318--318
[]|\OT1/cmr/m/n/9 GNN
 []


Underfull \hbox (badness 10000) in paragraph at lines 320--320
[]|\OT1/cmr/m/n/9 GNN
 []

[9] [10 <./../plots/martel_errors_mlr.png> <./../plots/martel_errors_rf.png> <.
/../plots/martel_errors_rnn.png> <./../plots/martel_errors_gnn.png> <./../plots
/martel_errors_gnn_attention.png> <./../plots/martel_errors_gnn_multi.png>]
Underfull \hbox (badness 10000) in paragraph at lines 329--330

 []


Underfull \hbox (badness 10000) in paragraph at lines 333--334

 []


Overfull \hbox (0.98831pt too wide) in paragraph at lines 386--386
[]|\OT1/cmr/m/n/9 QSPR[]Mordred2D[]TPOT[]AutoML| 
 []

[11]
Underfull \hbox (badness 10000) in paragraph at lines 398--399

 []


Underfull \hbox (badness 10000) in paragraph at lines 400--401

 []

[12]
Underfull \hbox (badness 10000) in paragraph at lines 402--403

 []


Underfull \hbox (badness 10000) in paragraph at lines 404--405

 []


Overfull \hbox (11.30966pt too wide) in paragraph at lines 406--407
[]\OT1/cmr/m/n/9 All the mod-els con-sid-ered here per-formed rea-son-ably well
 on the SAMPL7
 []


Underfull \hbox (badness 10000) in paragraph at lines 406--407

 []


Underfull \hbox (badness 10000) in paragraph at lines 408--409

 []


Underfull \hbox (badness 10000) in paragraph at lines 410--411

 []


Underfull \hbox (badness 10000) in paragraph at lines 414--415

 []


Underfull \hbox (badness 10000) in paragraph at lines 416--417

 []

[13]
Underfull \hbox (badness 10000) in paragraph at lines 418--419

 []


Underfull \hbox (badness 10000) in paragraph at lines 420--421

 []


Underfull \hbox (badness 10000) in paragraph at lines 424--425

 []


Overfull \hbox (0.98553pt too wide) in paragraph at lines 426--427
[]\OT1/cmr/m/n/9 One so-lu-tion to achiev-ing good per-for-mance on a set of ta
r-get molecules
 []


Underfull \hbox (badness 10000) in paragraph at lines 426--427

 []


Overfull \hbox (12.50453pt too wide) in paragraph at lines 428--429
[]\OT1/cmr/m/n/9 Many well-established gen-eral logP pre-dic-tion meth-ods, suc
h as XLOGP3,
 []

[14]
Underfull \hbox (badness 10000) in paragraph at lines 439--440

 []

[15]
Underfull \hbox (badness 10000) in paragraph at lines 447--448

 []


Underfull \hbox (badness 10000) in paragraph at lines 449--450

 []

[16] [17] (./report.bbl [18]
Underfull \hbox (badness 2591) in paragraph at lines 109--115
\OT1/cmr/m/n/9 G. Jones, B. Cole, M. Swain, S. Turk, Alexan-der-Save-lyev,
 []


Underfull \hbox (badness 2460) in paragraph at lines 135--138
\OT1/cmr/m/n/9 ing molec-u-lar structure-property re-la-tion-ships us-ing atten
tion-
 []

[19]) [20] (./report.aux) ) 
Here is how much of TeX's memory you used:
 3738 strings out of 483140
 58025 string characters out of 5965151
 302721 words of memory out of 5000000
 18708 multiletter control sequences out of 15000+600000
 542359 words of font info for 61 fonts, out of 8000000 for 9000
 36 hyphenation exceptions out of 8191
 48i,16n,46p,1047b,393s stack positions out of 5000i,500n,10000p,200000b,80000s
 </home/patrik/.texlive2019/texmf-var/fonts/pk/ljfou
r/jknappen/ec/tcrm0900.600pk> </home/patrik/.texlive2019/texmf-var/fonts/pk/ljf
our/jknappen/ec/tcrm0600.600pk> </home/patrik/.texlive2019/texmf-var/fonts/pk/l
jfour/jknappen/ec/tcrm0800.600pk></usr/share/texlive/texmf-dist/fonts/type1/pub
lic/amsfonts/cm/cmbx10.pfb></usr/share/texlive/texmf-dist/fonts/type1/public/am
sfonts/cm/cmbx12.pfb></usr/share/texlive/texmf-dist/fonts/type1/public/amsfonts
/cm/cmbx9.pfb></usr/share/texlive/texmf-dist/fonts/type1/public/amsfonts/cm/cmm
i9.pfb></usr/share/texlive/texmf-dist/fonts/type1/public/amsfonts/cm/cmr10.pfb>
</usr/share/texlive/texmf-dist/fonts/type1/public/amsfonts/cm/cmr12.pfb></usr/s
hare/texlive/texmf-dist/fonts/type1/public/amsfonts/cm/cmr17.pfb></usr/share/te
xlive/texmf-dist/fonts/type1/public/amsfonts/cm/cmr6.pfb></usr/share/texlive/te
xmf-dist/fonts/type1/public/amsfonts/cm/cmr8.pfb></usr/share/texlive/texmf-dist
/fonts/type1/public/amsfonts/cm/cmr9.pfb></usr/share/texlive/texmf-dist/fonts/t
ype1/public/amsfonts/cm/cmsy9.pfb></usr/share/texlive/texmf-dist/fonts/type1/pu
blic/amsfonts/cm/cmti9.pfb>
Output written on report.pdf (20 pages, 2211464 bytes).
PDF statistics:
 161 PDF objects out of 1000 (max. 8388607)
 95 compressed objects within 1 object stream
 0 named destinations out of 1000 (max. 500000)
 61 words of extra memory for PDF output out of 10000 (max. 10000000)

